[     7.181] (--) Log file renamed from "/home/ubuntu-user/.local/share/xorg/Xorg.pid-897.log" to "/home/ubuntu-user/.local/share/xorg/Xorg.0.log"
[     7.184] 
X.Org X Server 1.20.13
X Protocol Version 11, Revision 0
[     7.184] Build Operating System: linux Ubuntu
[     7.184] Current Operating System: Linux ubuntu19 5.4.0-169-generic #187-Ubuntu SMP Thu Nov 23 14:52:28 UTC 2023 x86_64
[     7.184] Kernel command line: BOOT_IMAGE=/boot/vmlinuz-5.4.0-169-generic root=UUID=a0c251cc-cade-41ac-b934-bf140c41be31 ro quiet splash
[     7.184] Build Date: 13 December 2023  01:29:21AM
[     7.184] xorg-server 2:1.20.13-1ubuntu1~20.04.12 (For technical support please see http://www.ubuntu.com/support) 
[     7.184] Current version of pixman: 0.38.4
[     7.184] 	Before reporting problems, check http://wiki.x.org
	to make sure that you have the latest version.
[     7.184] Markers: (--) probed, (**) from config file, (==) default setting,
	(++) from command line, (!!) notice, (II) informational,
	(WW) warning, (EE) error, (NI) not implemented, (??) unknown.
[     7.184] (==) Log file: "/home/ubuntu-user/.local/share/xorg/Xorg.0.log", Time: Thu Jul 11 04:11:26 2024
[     7.192] (==) Using system config directory "/usr/share/X11/xorg.conf.d"
[     7.199] (==) No Layout section.  Using the first Screen section.
[     7.199] (==) No screen section available. Using defaults.
[     7.199] (**) |-->Screen "Default Screen Section" (0)
[     7.199] (**) |   |-->Monitor "<default monitor>"
[     7.199] (==) No monitor specified for screen "Default Screen Section".
	Using a default monitor configuration.
[     7.199] (==) Automatically adding devices
[     7.199] (==) Automatically enabling devices
[     7.199] (==) Automatically adding GPU devices
[     7.199] (==) Automatically binding GPU devices
[     7.199] (==) Max clients allowed: 256, resource mask: 0x1fffff
[     7.222] (WW) The directory "/usr/share/fonts/X11/cyrillic" does not exist.
[     7.222] 	Entry deleted from font path.
[     7.222] (WW) The directory "/usr/share/fonts/X11/100dpi/" does not exist.
[     7.222] 	Entry deleted from font path.
[     7.222] (WW) The directory "/usr/share/fonts/X11/75dpi/" does not exist.
[     7.222] 	Entry deleted from font path.
[     7.222] (WW) The directory "/usr/share/fonts/X11/100dpi" does not exist.
[     7.222] 	Entry deleted from font path.
[     7.222] (WW) The directory "/usr/share/fonts/X11/75dpi" does not exist.
[     7.222] 	Entry deleted from font path.
[     7.222] (==) FontPath set to:
	/usr/share/fonts/X11/misc,
	/usr/share/fonts/X11/Type1,
	built-ins
[     7.222] (==) ModulePath set to "/usr/lib/xorg/modules"
[     7.222] (II) The server relies on udev to provide the list of input devices.
	If no devices become available, reconfigure udev or disable AutoAddDevices.
[     7.222] (II) Loader magic: 0x5652047ee020
[     7.222] (II) Module ABI versions:
[     7.222] 	X.Org ANSI C Emulation: 0.4
[     7.222] 	X.Org Video Driver: 24.1
[     7.222] 	X.Org XInput driver : 24.1
[     7.222] 	X.Org Server Extension : 10.0
[     7.223] (++) using VT number 2

[     7.225] (II) systemd-logind: took control of session /org/freedesktop/login1/session/_31
[     7.226] (II) xfree86: Adding drm device (/dev/dri/card0)
[     7.227] (II) systemd-logind: got fd for /dev/dri/card0 226:0 fd 12 paused 0
[     7.231] (--) PCI:*(0@0:15:0) 15ad:0405:15ad:0405 rev 0, Mem @ 0xe8000000/134217728, 0xfe000000/8388608, I/O @ 0x00001070/16, BIOS @ 0x????????/131072
[     7.231] (II) LoadModule: "glx"
[     7.236] (II) Loading /usr/lib/xorg/modules/extensions/libglx.so
[     7.270] (II) Module glx: vendor="X.Org Foundation"
[     7.270] 	compiled for 1.20.13, module version = 1.0.0
[     7.270] 	ABI class: X.Org Server Extension, version 10.0
[     7.270] (==) Matched vmware as autoconfigured driver 0
[     7.270] (==) Matched modesetting as autoconfigured driver 1
[     7.270] (==) Matched fbdev as autoconfigured driver 2
[     7.270] (==) Matched vesa as autoconfigured driver 3
[     7.270] (==) Assigned the driver to the xf86ConfigLayout
[     7.270] (II) LoadModule: "vmware"
[     7.271] (II) Loading /usr/lib/xorg/modules/drivers/vmware_drv.so
[     7.789] (II) Module vmware: vendor="X.Org Foundation"
[     7.789] 	compiled for 1.20.8, module version = 13.3.0
[     7.789] 	Module class: X.Org Video Driver
[     7.789] 	ABI class: X.Org Video Driver, version 24.1
[     7.790] (II) LoadModule: "modesetting"
[     7.790] (II) Loading /usr/lib/xorg/modules/drivers/modesetting_drv.so
[     7.795] (II) Module modesetting: vendor="X.Org Foundation"
[     7.795] 	compiled for 1.20.13, module version = 1.20.13
[     7.795] 	Module class: X.Org Video Driver
[     7.795] 	ABI class: X.Org Video Driver, version 24.1
[     7.795] (II) LoadModule: "fbdev"
[     7.795] (II) Loading /usr/lib/xorg/modules/drivers/fbdev_drv.so
[     7.798] (II) Module fbdev: vendor="X.Org Foundation"
[     7.798] 	compiled for 1.20.1, module version = 0.5.0
[     7.798] 	Module class: X.Org Video Driver
[     7.798] 	ABI class: X.Org Video Driver, version 24.0
[     7.798] (II) LoadModule: "vesa"
[     7.798] (II) Loading /usr/lib/xorg/modules/drivers/vesa_drv.so
[     7.804] (II) Module vesa: vendor="X.Org Foundation"
[     7.804] 	compiled for 1.20.4, module version = 2.4.0
[     7.804] 	Module class: X.Org Video Driver
[     7.804] 	ABI class: X.Org Video Driver, version 24.0
[     7.804] (II) vmware: driver for VMware SVGA: vmware0405, vmware0710
[     7.804] (II) modesetting: Driver for Modesetting Kernel Drivers: kms
[     7.804] (II) FBDEV: driver for framebuffer: fbdev
[     7.804] (II) VESA: driver for VESA chipsets: vesa
[     7.804] xf86EnableIOPorts: failed to set IOPL for I/O (Operation not permitted)
[     7.804] (WW) Falling back to old probe method for modesetting
[     7.804] (WW) Falling back to old probe method for fbdev
[     7.804] (II) Loading sub module "fbdevhw"
[     7.804] (II) LoadModule: "fbdevhw"
[     7.804] (II) Loading /usr/lib/xorg/modules/libfbdevhw.so
[     7.806] (II) Module fbdevhw: vendor="X.Org Foundation"
[     7.806] 	compiled for 1.20.13, module version = 0.0.2
[     7.806] 	ABI class: X.Org Video Driver, version 24.1
[     7.806] (EE) open /dev/fb0: Permission denied
[     7.806] (WW) VGA arbiter: cannot open kernel arbiter, no multi-card support
[     7.806] (II) vmware(0): Creating default Display subsection in Screen section
	"Default Screen Section" for depth/fbbpp 24/32
[     7.806] (--) vmware(0): DRM driver version is 2.15.0
[     7.806] (==) vmware(0): Depth 24, (--) framebuffer bpp 32
[     7.806] (==) vmware(0): RGB weight 888
[     7.806] (==) vmware(0): Default visual is TrueColor
[     7.806] (--) vmware(0): Min width 1, Max Width 8192.
[     7.806] (--) vmware(0): Min height 1, Max Height 8192.
[     7.806] (II) vmware(0): Output Virtual1 has no monitor section
[     7.806] (II) vmware(0): Output Virtual2 has no monitor section
[     7.806] (II) vmware(0): Output Virtual3 has no monitor section
[     7.806] (II) vmware(0): Output Virtual4 has no monitor section
[     7.806] (II) vmware(0): Output Virtual5 has no monitor section
[     7.806] (II) vmware(0): Output Virtual6 has no monitor section
[     7.806] (II) vmware(0): Output Virtual7 has no monitor section
[     7.806] (II) vmware(0): Output Virtual8 has no monitor section
[     7.806] (II) vmware(0): Printing probed modes for output Virtual1
[     7.806] (II) vmware(0): Modeline "800x600"x60.0   42.75  800 850 900 950  600 650 700 750 -hsync +vsync (45.0 kHz eP)
[     7.806] (II) vmware(0): Modeline "2560x1600"x60.0  348.50  2560 2752 3032 3504  1600 1603 1609 1658 -hsync +vsync (99.5 kHz e)
[     7.806] (II) vmware(0): Modeline "1920x1440"x60.0  234.00  1920 2048 2256 2600  1440 1441 1444 1500 -hsync +vsync (90.0 kHz e)
[     7.806] (II) vmware(0): Modeline "1856x1392"x60.0  218.25  1856 1952 2176 2528  1392 1393 1396 1439 -hsync +vsync (86.3 kHz e)
[     7.806] (II) vmware(0): Modeline "1792x1344"x60.0  204.75  1792 1920 2120 2448  1344 1345 1348 1394 -hsync +vsync (83.6 kHz e)
[     7.806] (II) vmware(0): Modeline "1920x1200"x59.9  193.25  1920 2056 2256 2592  1200 1203 1209 1245 -hsync +vsync (74.6 kHz e)
[     7.806] (II) vmware(0): Modeline "1600x1200"x60.0  162.00  1600 1664 1856 2160  1200 1201 1204 1250 +hsync +vsync (75.0 kHz e)
[     7.806] (II) vmware(0): Modeline "1680x1050"x60.0  146.25  1680 1784 1960 2240  1050 1053 1059 1089 -hsync +vsync (65.3 kHz e)
[     7.806] (II) vmware(0): Modeline "1400x1050"x60.0  121.75  1400 1488 1632 1864  1050 1053 1057 1089 -hsync +vsync (65.3 kHz e)
[     7.806] (II) vmware(0): Modeline "1280x1024"x60.0  108.00  1280 1328 1440 1688  1024 1025 1028 1066 +hsync +vsync (64.0 kHz e)
[     7.806] (II) vmware(0): Modeline "1440x900"x59.9  106.50  1440 1520 1672 1904  900 903 909 934 -hsync +vsync (55.9 kHz e)
[     7.806] (II) vmware(0): Modeline "1280x960"x60.0  108.00  1280 1376 1488 1800  960 961 964 1000 +hsync +vsync (60.0 kHz e)
[     7.806] (II) vmware(0): Modeline "1360x768"x60.0   85.50  1360 1424 1536 1792  768 771 777 795 +hsync +vsync (47.7 kHz e)
[     7.806] (II) vmware(0): Modeline "1280x800"x59.8   83.50  1280 1352 1480 1680  800 803 809 831 +hsync -vsync (49.7 kHz e)
[     7.806] (II) vmware(0): Modeline "1152x864"x75.0  108.00  1152 1216 1344 1600  864 865 868 900 +hsync +vsync (67.5 kHz e)
[     7.806] (II) vmware(0): Modeline "1280x768"x59.9   79.50  1280 1344 1472 1664  768 771 778 798 -hsync +vsync (47.8 kHz e)
[     7.806] (II) vmware(0): Modeline "1024x768"x60.0   65.00  1024 1048 1184 1344  768 771 777 806 -hsync -vsync (48.4 kHz e)
[     7.806] (II) vmware(0): Modeline "800x600"x60.3   40.00  800 840 968 1056  600 601 605 628 +hsync +vsync (37.9 kHz e)
[     7.806] (II) vmware(0): Modeline "640x480"x59.9   25.18  640 656 752 800  480 489 492 525 -hsync -vsync (31.5 kHz e)
[     7.806] (II) vmware(0): EDID for output Virtual2
[     7.806] (II) vmware(0): EDID for output Virtual3
[     7.806] (II) vmware(0): EDID for output Virtual4
[     7.806] (II) vmware(0): EDID for output Virtual5
[     7.806] (II) vmware(0): EDID for output Virtual6
[     7.806] (II) vmware(0): EDID for output Virtual7
[     7.806] (II) vmware(0): EDID for output Virtual8
[     7.806] (II) vmware(0): Output Virtual1 connected
[     7.806] (II) vmware(0): Output Virtual2 disconnected
[     7.807] (II) vmware(0): Output Virtual3 disconnected
[     7.807] (II) vmware(0): Output Virtual4 disconnected
[     7.807] (II) vmware(0): Output Virtual5 disconnected
[     7.807] (II) vmware(0): Output Virtual6 disconnected
[     7.807] (II) vmware(0): Output Virtual7 disconnected
[     7.807] (II) vmware(0): Output Virtual8 disconnected
[     7.807] (II) vmware(0): Using exact sizes for initial modes
[     7.807] (II) vmware(0): Output Virtual1 using initial mode 800x600 +0+0
[     7.807] (==) vmware(0): DPI set to (96, 96)
[     7.807] (==) vmware(0): Using gamma correction (1.0, 1.0, 1.0)
[     7.807] (II) Loading sub module "fb"
[     7.807] (II) LoadModule: "fb"
[     7.807] (II) Loading /usr/lib/xorg/modules/libfb.so
[     7.812] (II) Module fb: vendor="X.Org Foundation"
[     7.812] 	compiled for 1.20.13, module version = 1.0.0
[     7.812] 	ABI class: X.Org ANSI C Emulation, version 0.4
[     7.812] (II) Loading sub module "dri2"
[     7.812] (II) LoadModule: "dri2"
[     7.813] (II) Module "dri2" already built-in
[     7.813] (II) Loading sub module "dri3"
[     7.813] (II) LoadModule: "dri3"
[     7.813] (II) Module "dri3" already built-in
[     7.813] (II) UnloadModule: "modesetting"
[     7.813] (II) Unloading modesetting
[     7.813] (II) UnloadModule: "fbdev"
[     7.813] (II) Unloading fbdev
[     7.813] (II) UnloadSubModule: "fbdevhw"
[     7.813] (II) Unloading fbdevhw
[     7.813] (II) UnloadModule: "vesa"
[     7.813] (II) Unloading vesa
[     7.818] (II) vmware(0): Initialized VMWARE_CTRL extension version 0.2
[     7.981] (II) vmware(0): Gallium3D XA version: 2.5.0.
[     7.981] (II) vmware(0): Path of drm device is "/dev/dri/card0".
[     7.981] (II) vmware(0): [DRI2] Setup complete
[     7.981] (II) vmware(0): [DRI2]   DRI driver: vmwgfx
[     8.079] (--) vmware(0): Render acceleration is enabled.
[     8.079] (==) vmware(0): Rendercheck mode is disabled.
[     8.079] (--) vmware(0): Direct rendering (DRI2 3D) is enabled.
[     8.079] (--) vmware(0): Direct rendering (DRI3 3D) is enabled.
[     8.079] (==) vmware(0): Direct presents are disabled.
[     8.079] (==) vmware(0): Hardware only presents are automatic per scanout.
[     8.079] (==) vmware(0): Backing store enabled
[     8.079] (==) vmware(0): Silken mouse enabled
[     8.082] (==) vmware(0): DPMS enabled
[     8.082] (II) Initializing extension Generic Event Extension
[     8.082] (II) Initializing extension SHAPE
[     8.082] (II) Initializing extension MIT-SHM
[     8.082] (II) Initializing extension XInputExtension
[     8.084] (II) Initializing extension XTEST
[     8.085] (II) Initializing extension BIG-REQUESTS
[     8.085] (II) Initializing extension SYNC
[     8.085] (II) Initializing extension XKEYBOARD
[     8.085] (II) Initializing extension XC-MISC
[     8.085] (II) Initializing extension SECURITY
[     8.085] (II) Initializing extension XFIXES
[     8.085] (II) Initializing extension RENDER
[     8.085] (II) Initializing extension RANDR
[     8.085] (II) Initializing extension COMPOSITE
[     8.085] (II) Initializing extension DAMAGE
[     8.085] (II) Initializing extension MIT-SCREEN-SAVER
[     8.086] (II) Initializing extension DOUBLE-BUFFER
[     8.086] (II) Initializing extension RECORD
[     8.086] (II) Initializing extension DPMS
[     8.086] (II) Initializing extension Present
[     8.086] (II) Initializing extension DRI3
[     8.086] (II) Initializing extension X-Resource
[     8.086] (II) Initializing extension XVideo
[     8.086] (II) Initializing extension XVideo-MotionCompensation
[     8.086] (II) Initializing extension SELinux
[     8.086] (II) SELinux: Disabled on system
[     8.086] (II) Initializing extension GLX
[     8.213] (II) AIGLX: Loaded and initialized vmwgfx
[     8.213] (II) GLX: Initialized DRI2 GL provider for screen 0
[     8.213] (II) Initializing extension XFree86-VidModeExtension
[     8.213] (II) Initializing extension XFree86-DGA
[     8.213] (II) Initializing extension XFree86-DRI
[     8.213] (II) Initializing extension DRI2
[     8.216] (II) vmware(0): Setting screen physical size to 211 x 158
[     8.347] (II) config/udev: Adding input device Power Button (/dev/input/event0)
[     8.347] (**) Power Button: Applying InputClass "libinput keyboard catchall"
[     8.347] (II) LoadModule: "libinput"
[     8.347] (II) Loading /usr/lib/xorg/modules/input/libinput_drv.so
[     8.377] (II) Module libinput: vendor="X.Org Foundation"
[     8.377] 	compiled for 1.20.4, module version = 0.29.0
[     8.377] 	Module class: X.Org XInput Driver
[     8.377] 	ABI class: X.Org XInput driver, version 24.1
[     8.377] (II) Using input driver 'libinput' for 'Power Button'
[     8.378] (II) systemd-logind: got fd for /dev/input/event0 13:64 fd 24 paused 0
[     8.378] (**) Power Button: always reports core events
[     8.378] (**) Option "Device" "/dev/input/event0"
[     8.378] (**) Option "_source" "server/udev"
[     8.416] (II) event0  - Power Button: is tagged by udev as: Keyboard
[     8.416] (II) event0  - Power Button: device is a keyboard
[     8.416] (II) event0  - Power Button: device removed
[     8.417] (**) Option "config_info" "udev:/sys/devices/LNXSYSTM:00/LNXPWRBN:00/input/input0/event0"
[     8.417] (II) XINPUT: Adding extended input device "Power Button" (type: KEYBOARD, id 6)
[     8.417] (**) Option "xkb_model" "pc105"
[     8.417] (**) Option "xkb_layout" "us"
[     8.417] (II) event0  - Power Button: is tagged by udev as: Keyboard
[     8.417] (II) event0  - Power Button: device is a keyboard
[     8.418] (II) config/udev: Adding input device AT Translated Set 2 keyboard (/dev/input/event1)
[     8.418] (**) AT Translated Set 2 keyboard: Applying InputClass "libinput keyboard catchall"
[     8.418] (II) Using input driver 'libinput' for 'AT Translated Set 2 keyboard'
[     8.420] (II) systemd-logind: got fd for /dev/input/event1 13:65 fd 27 paused 0
[     8.420] (**) AT Translated Set 2 keyboard: always reports core events
[     8.420] (**) Option "Device" "/dev/input/event1"
[     8.420] (**) Option "_source" "server/udev"
[     8.421] (II) event1  - AT Translated Set 2 keyboard: is tagged by udev as: Keyboard
[     8.421] (II) event1  - AT Translated Set 2 keyboard: device is a keyboard
[     8.421] (II) event1  - AT Translated Set 2 keyboard: device removed
[     8.421] (**) Option "config_info" "udev:/sys/devices/platform/i8042/serio0/input/input1/event1"
[     8.422] (II) XINPUT: Adding extended input device "AT Translated Set 2 keyboard" (type: KEYBOARD, id 7)
[     8.422] (**) Option "xkb_model" "pc105"
[     8.422] (**) Option "xkb_layout" "us"
[     8.423] (II) event1  - AT Translated Set 2 keyboard: is tagged by udev as: Keyboard
[     8.423] (II) event1  - AT Translated Set 2 keyboard: device is a keyboard
[     8.424] (II) config/udev: Adding input device VirtualPS/2 VMware VMMouse (/dev/input/event3)
[     8.425] (**) VirtualPS/2 VMware VMMouse: Applying InputClass "libinput pointer catchall"
[     8.425] (II) Using input driver 'libinput' for 'VirtualPS/2 VMware VMMouse'
[     8.427] (II) systemd-logind: got fd for /dev/input/event3 13:67 fd 28 paused 0
[     8.427] (**) VirtualPS/2 VMware VMMouse: always reports core events
[     8.427] (**) Option "Device" "/dev/input/event3"
[     8.427] (**) Option "_source" "server/udev"
[     8.428] (II) event3  - VirtualPS/2 VMware VMMouse: is tagged by udev as: Mouse
[     8.429] (II) event3  - VirtualPS/2 VMware VMMouse: device is a pointer
[     8.430] (II) event3  - VirtualPS/2 VMware VMMouse: device removed
[     8.430] (**) Option "config_info" "udev:/sys/devices/platform/i8042/serio1/input/input3/event3"
[     8.430] (II) XINPUT: Adding extended input device "VirtualPS/2 VMware VMMouse" (type: MOUSE, id 8)
[     8.430] (**) Option "AccelerationScheme" "none"
[     8.430] (**) VirtualPS/2 VMware VMMouse: (accel) selected scheme none/0
[     8.431] (**) VirtualPS/2 VMware VMMouse: (accel) acceleration factor: 2.000
[     8.431] (**) VirtualPS/2 VMware VMMouse: (accel) acceleration threshold: 4
[     8.434] (II) event3  - VirtualPS/2 VMware VMMouse: is tagged by udev as: Mouse
[     8.434] (II) event3  - VirtualPS/2 VMware VMMouse: device is a pointer
[     8.435] (II) config/udev: Adding input device VirtualPS/2 VMware VMMouse (/dev/input/mouse1)
[     8.435] (II) No input driver specified, ignoring this device.
[     8.437] (II) This device may have been added with another device file.
[     8.439] (II) config/udev: Adding input device VirtualPS/2 VMware VMMouse (/dev/input/event2)
[     8.439] (**) VirtualPS/2 VMware VMMouse: Applying InputClass "libinput pointer catchall"
[     8.439] (II) Using input driver 'libinput' for 'VirtualPS/2 VMware VMMouse'
[     8.441] (II) systemd-logind: got fd for /dev/input/event2 13:66 fd 29 paused 0
[     8.441] (**) VirtualPS/2 VMware VMMouse: always reports core events
[     8.441] (**) Option "Device" "/dev/input/event2"
[     8.441] (**) Option "_source" "server/udev"
[     8.442] (II) event2  - VirtualPS/2 VMware VMMouse: is tagged by udev as: Mouse
[     8.442] (II) event2  - VirtualPS/2 VMware VMMouse: device is a pointer
[     8.442] (II) event2  - VirtualPS/2 VMware VMMouse: device removed
[     8.443] (**) Option "config_info" "udev:/sys/devices/platform/i8042/serio1/input/input4/event2"
[     8.443] (II) XINPUT: Adding extended input device "VirtualPS/2 VMware VMMouse" (type: MOUSE, id 9)
[     8.443] (**) Option "AccelerationScheme" "none"
[     8.443] (**) VirtualPS/2 VMware VMMouse: (accel) selected scheme none/0
[     8.443] (**) VirtualPS/2 VMware VMMouse: (accel) acceleration factor: 2.000
[     8.443] (**) VirtualPS/2 VMware VMMouse: (accel) acceleration threshold: 4
[     8.444] (II) event2  - VirtualPS/2 VMware VMMouse: is tagged by udev as: Mouse
[     8.444] (II) event2  - VirtualPS/2 VMware VMMouse: device is a pointer
[     8.445] (II) config/udev: Adding input device VirtualPS/2 VMware VMMouse (/dev/input/mouse0)
[     8.446] (II) No input driver specified, ignoring this device.
[     8.446] (II) This device may have been added with another device file.
[    40.571] (!!) vmware(0): New layout.
[    40.571] (!!) vmware(0): 0: 0 0 880 532
[    40.571] (!!) vmware(0): 
[  4455.328] (!!) vmware(0): New layout.
[  4455.328] (!!) vmware(0): 0: 0 0 880 580
[  4455.328] (!!) vmware(0): 
[  4455.768] (!!) vmware(0): New layout.
[  4455.768] (!!) vmware(0): 0: 0 0 880 579
[  4455.768] (!!) vmware(0): 
