[  1054.306] _XSERVTransSocketUNIXCreateListener: ...SocketCreateListener() failed
[  1054.306] _XSERVTransMakeAllCOTSServerListeners: server already running
[  1054.306] (--) Log file renamed from "/home/ubuntu-user/.local/share/xorg/Xorg.pid-23119.log" to "/home/ubuntu-user/.local/share/xorg/Xorg.1.log"
[  1054.309] 
X.Org X Server 1.20.11
X Protocol Version 11, Revision 0
[  1054.309] Build Operating System: linux Ubuntu
[  1054.309] Current Operating System: Linux ubuntu19 5.3.0-40-generic #32-Ubuntu SMP Fri Jan 31 20:24:34 UTC 2020 x86_64
[  1054.309] Kernel command line: BOOT_IMAGE=/boot/vmlinuz-5.3.0-40-generic root=UUID=a0c251cc-cade-41ac-b934-bf140c41be31 ro quiet splash
[  1054.309] Build Date: 06 July 2021  10:17:51AM
[  1054.309] xorg-server 2:1.20.11-1ubuntu1~20.04.2 (For technical support please see http://www.ubuntu.com/support) 
[  1054.309] Current version of pixman: 0.38.4
[  1054.309] 	Before reporting problems, check http://wiki.x.org
	to make sure that you have the latest version.
[  1054.309] Markers: (--) probed, (**) from config file, (==) default setting,
	(++) from command line, (!!) notice, (II) informational,
	(WW) warning, (EE) error, (NI) not implemented, (??) unknown.
[  1054.309] (==) Log file: "/home/ubuntu-user/.local/share/xorg/Xorg.1.log", Time: Wed Nov 24 06:39:07 2021
[  1054.310] (==) Using system config directory "/usr/share/X11/xorg.conf.d"
[  1054.311] (==) No Layout section.  Using the first Screen section.
[  1054.311] (==) No screen section available. Using defaults.
[  1054.312] (**) |-->Screen "Default Screen Section" (0)
[  1054.312] (**) |   |-->Monitor "<default monitor>"
[  1054.312] (==) No monitor specified for screen "Default Screen Section".
	Using a default monitor configuration.
[  1054.312] (==) Automatically adding devices
[  1054.312] (==) Automatically enabling devices
[  1054.312] (==) Automatically adding GPU devices
[  1054.312] (==) Automatically binding GPU devices
[  1054.312] (==) Max clients allowed: 256, resource mask: 0x1fffff
[  1054.312] (WW) The directory "/usr/share/fonts/X11/cyrillic" does not exist.
[  1054.312] 	Entry deleted from font path.
[  1054.312] (WW) The directory "/usr/share/fonts/X11/100dpi/" does not exist.
[  1054.312] 	Entry deleted from font path.
[  1054.312] (WW) The directory "/usr/share/fonts/X11/75dpi/" does not exist.
[  1054.312] 	Entry deleted from font path.
[  1054.312] (WW) The directory "/usr/share/fonts/X11/100dpi" does not exist.
[  1054.312] 	Entry deleted from font path.
[  1054.312] (WW) The directory "/usr/share/fonts/X11/75dpi" does not exist.
[  1054.312] 	Entry deleted from font path.
[  1054.312] (==) FontPath set to:
	/usr/share/fonts/X11/misc,
	/usr/share/fonts/X11/Type1,
	built-ins
[  1054.312] (==) ModulePath set to "/usr/lib/xorg/modules"
[  1054.312] (II) The server relies on udev to provide the list of input devices.
	If no devices become available, reconfigure udev or disable AutoAddDevices.
[  1054.312] (II) Loader magic: 0x5644251ac020
[  1054.312] (II) Module ABI versions:
[  1054.312] 	X.Org ANSI C Emulation: 0.4
[  1054.312] 	X.Org Video Driver: 24.1
[  1054.312] 	X.Org XInput driver : 24.1
[  1054.312] 	X.Org Server Extension : 10.0
[  1054.314] (++) using VT number 3

[  1054.317] (II) systemd-logind: took control of session /org/freedesktop/login1/session/_34
[  1054.319] (II) xfree86: Adding drm device (/dev/dri/card0)
[  1054.320] (II) systemd-logind: got fd for /dev/dri/card0 226:0 fd 13 paused 0
[  1054.325] (--) PCI:*(0@0:15:0) 15ad:0405:15ad:0405 rev 0, Mem @ 0xe8000000/134217728, 0xfe000000/8388608, I/O @ 0x00001070/16, BIOS @ 0x????????/131072
[  1054.325] (II) LoadModule: "glx"
[  1054.325] (II) Loading /usr/lib/xorg/modules/extensions/libglx.so
[  1054.330] (II) Module glx: vendor="X.Org Foundation"
[  1054.330] 	compiled for 1.20.11, module version = 1.0.0
[  1054.330] 	ABI class: X.Org Server Extension, version 10.0
[  1054.330] (==) Matched vmware as autoconfigured driver 0
[  1054.330] (==) Matched modesetting as autoconfigured driver 1
[  1054.330] (==) Matched fbdev as autoconfigured driver 2
[  1054.330] (==) Matched vesa as autoconfigured driver 3
[  1054.330] (==) Assigned the driver to the xf86ConfigLayout
[  1054.330] (II) LoadModule: "vmware"
[  1054.330] (II) Loading /usr/lib/xorg/modules/drivers/vmware_drv.so
[  1054.463] (II) Module vmware: vendor="X.Org Foundation"
[  1054.463] 	compiled for 1.20.8, module version = 13.3.0
[  1054.463] 	Module class: X.Org Video Driver
[  1054.463] 	ABI class: X.Org Video Driver, version 24.1
[  1054.463] (II) LoadModule: "modesetting"
[  1054.464] (II) Loading /usr/lib/xorg/modules/drivers/modesetting_drv.so
[  1054.465] (II) Module modesetting: vendor="X.Org Foundation"
[  1054.465] 	compiled for 1.20.11, module version = 1.20.11
[  1054.465] 	Module class: X.Org Video Driver
[  1054.465] 	ABI class: X.Org Video Driver, version 24.1
[  1054.465] (II) LoadModule: "fbdev"
[  1054.465] (II) Loading /usr/lib/xorg/modules/drivers/fbdev_drv.so
[  1054.467] (II) Module fbdev: vendor="X.Org Foundation"
[  1054.467] 	compiled for 1.20.1, module version = 0.5.0
[  1054.467] 	Module class: X.Org Video Driver
[  1054.467] 	ABI class: X.Org Video Driver, version 24.0
[  1054.467] (II) LoadModule: "vesa"
[  1054.468] (II) Loading /usr/lib/xorg/modules/drivers/vesa_drv.so
[  1054.470] (II) Module vesa: vendor="X.Org Foundation"
[  1054.470] 	compiled for 1.20.4, module version = 2.4.0
[  1054.470] 	Module class: X.Org Video Driver
[  1054.470] 	ABI class: X.Org Video Driver, version 24.0
[  1054.470] (II) vmware: driver for VMware SVGA: vmware0405, vmware0710
[  1054.470] (II) modesetting: Driver for Modesetting Kernel Drivers: kms
[  1054.470] (II) FBDEV: driver for framebuffer: fbdev
[  1054.470] (II) VESA: driver for VESA chipsets: vesa
[  1054.470] xf86EnableIOPorts: failed to set IOPL for I/O (Operation not permitted)
[  1054.470] (WW) Falling back to old probe method for modesetting
[  1054.470] (WW) Falling back to old probe method for fbdev
[  1054.470] (II) Loading sub module "fbdevhw"
[  1054.470] (II) LoadModule: "fbdevhw"
[  1054.470] (II) Loading /usr/lib/xorg/modules/libfbdevhw.so
[  1054.471] (II) Module fbdevhw: vendor="X.Org Foundation"
[  1054.471] 	compiled for 1.20.11, module version = 0.0.2
[  1054.471] 	ABI class: X.Org Video Driver, version 24.1
[  1054.471] (EE) open /dev/fb0: Permission denied
[  1054.471] (WW) VGA arbiter: cannot open kernel arbiter, no multi-card support
[  1054.471] (II) vmware(0): Creating default Display subsection in Screen section
	"Default Screen Section" for depth/fbbpp 24/32
[  1054.471] (--) vmware(0): DRM driver version is 2.15.0
[  1054.471] (==) vmware(0): Depth 24, (--) framebuffer bpp 32
[  1054.471] (==) vmware(0): RGB weight 888
[  1054.471] (==) vmware(0): Default visual is TrueColor
[  1054.471] (--) vmware(0): Min width 1, Max Width 4096.
[  1054.471] (--) vmware(0): Min height 1, Max Height 4096.
[  1054.472] (II) vmware(0): Output Virtual1 has no monitor section
[  1054.472] (II) vmware(0): Output Virtual2 has no monitor section
[  1054.472] (II) vmware(0): Output Virtual3 has no monitor section
[  1054.472] (II) vmware(0): Output Virtual4 has no monitor section
[  1054.472] (II) vmware(0): Output Virtual5 has no monitor section
[  1054.472] (II) vmware(0): Output Virtual6 has no monitor section
[  1054.473] (II) vmware(0): Output Virtual7 has no monitor section
[  1054.473] (II) vmware(0): Output Virtual8 has no monitor section
[  1054.473] (II) vmware(0): Printing probed modes for output Virtual1
[  1054.473] (II) vmware(0): Modeline "1496x967"x60.0  110.31  1496 1546 1596 1646  967 1017 1067 1117 -hsync +vsync (67.0 kHz eP)
[  1054.473] (II) vmware(0): Modeline "2560x1600"x60.0  348.50  2560 2752 3032 3504  1600 1603 1609 1658 -hsync +vsync (99.5 kHz e)
[  1054.473] (II) vmware(0): Modeline "1920x1440"x60.0  234.00  1920 2048 2256 2600  1440 1441 1444 1500 -hsync +vsync (90.0 kHz e)
[  1054.473] (II) vmware(0): Modeline "1856x1392"x60.0  218.25  1856 1952 2176 2528  1392 1393 1396 1439 -hsync +vsync (86.3 kHz e)
[  1054.473] (II) vmware(0): Modeline "1792x1344"x60.0  204.75  1792 1920 2120 2448  1344 1345 1348 1394 -hsync +vsync (83.6 kHz e)
[  1054.473] (II) vmware(0): Modeline "1920x1200"x59.9  193.25  1920 2056 2256 2592  1200 1203 1209 1245 -hsync +vsync (74.6 kHz e)
[  1054.473] (II) vmware(0): Modeline "1600x1200"x60.0  162.00  1600 1664 1856 2160  1200 1201 1204 1250 +hsync +vsync (75.0 kHz e)
[  1054.473] (II) vmware(0): Modeline "1680x1050"x60.0  146.25  1680 1784 1960 2240  1050 1053 1059 1089 -hsync +vsync (65.3 kHz e)
[  1054.473] (II) vmware(0): Modeline "1400x1050"x60.0  121.75  1400 1488 1632 1864  1050 1053 1057 1089 -hsync +vsync (65.3 kHz e)
[  1054.473] (II) vmware(0): Modeline "1280x1024"x60.0  108.00  1280 1328 1440 1688  1024 1025 1028 1066 +hsync +vsync (64.0 kHz e)
[  1054.473] (II) vmware(0): Modeline "1440x900"x59.9  106.50  1440 1520 1672 1904  900 903 909 934 -hsync +vsync (55.9 kHz e)
[  1054.473] (II) vmware(0): Modeline "1280x960"x60.0  108.00  1280 1376 1488 1800  960 961 964 1000 +hsync +vsync (60.0 kHz e)
[  1054.473] (II) vmware(0): Modeline "1360x768"x60.0   85.50  1360 1424 1536 1792  768 771 777 795 +hsync +vsync (47.7 kHz e)
[  1054.473] (II) vmware(0): Modeline "1280x800"x59.8   83.50  1280 1352 1480 1680  800 803 809 831 +hsync -vsync (49.7 kHz e)
[  1054.473] (II) vmware(0): Modeline "1152x864"x75.0  108.00  1152 1216 1344 1600  864 865 868 900 +hsync +vsync (67.5 kHz e)
[  1054.473] (II) vmware(0): Modeline "1280x768"x59.9   79.50  1280 1344 1472 1664  768 771 778 798 -hsync +vsync (47.8 kHz e)
[  1054.473] (II) vmware(0): Modeline "1024x768"x60.0   65.00  1024 1048 1184 1344  768 771 777 806 -hsync -vsync (48.4 kHz e)
[  1054.473] (II) vmware(0): Modeline "800x600"x60.3   40.00  800 840 968 1056  600 601 605 628 +hsync +vsync (37.9 kHz e)
[  1054.473] (II) vmware(0): Modeline "640x480"x59.9   25.18  640 656 752 800  480 489 492 525 -hsync -vsync (31.5 kHz e)
[  1054.473] (II) vmware(0): EDID for output Virtual2
[  1054.473] (II) vmware(0): EDID for output Virtual3
[  1054.473] (II) vmware(0): EDID for output Virtual4
[  1054.473] (II) vmware(0): EDID for output Virtual5
[  1054.473] (II) vmware(0): EDID for output Virtual6
[  1054.473] (II) vmware(0): EDID for output Virtual7
[  1054.473] (II) vmware(0): EDID for output Virtual8
[  1054.473] (II) vmware(0): Output Virtual1 connected
[  1054.473] (II) vmware(0): Output Virtual2 disconnected
[  1054.473] (II) vmware(0): Output Virtual3 disconnected
[  1054.473] (II) vmware(0): Output Virtual4 disconnected
[  1054.473] (II) vmware(0): Output Virtual5 disconnected
[  1054.473] (II) vmware(0): Output Virtual6 disconnected
[  1054.473] (II) vmware(0): Output Virtual7 disconnected
[  1054.473] (II) vmware(0): Output Virtual8 disconnected
[  1054.473] (II) vmware(0): Using exact sizes for initial modes
[  1054.473] (II) vmware(0): Output Virtual1 using initial mode 1496x967 +0+0
[  1054.474] (==) vmware(0): DPI set to (96, 96)
[  1054.474] (==) vmware(0): Using gamma correction (1.0, 1.0, 1.0)
[  1054.474] (II) Loading sub module "fb"
[  1054.474] (II) LoadModule: "fb"
[  1054.474] (II) Loading /usr/lib/xorg/modules/libfb.so
[  1054.475] (II) Module fb: vendor="X.Org Foundation"
[  1054.475] 	compiled for 1.20.11, module version = 1.0.0
[  1054.475] 	ABI class: X.Org ANSI C Emulation, version 0.4
[  1054.475] (II) Loading sub module "dri2"
[  1054.475] (II) LoadModule: "dri2"
[  1054.475] (II) Module "dri2" already built-in
[  1054.475] (II) Loading sub module "dri3"
[  1054.475] (II) LoadModule: "dri3"
[  1054.475] (II) Module "dri3" already built-in
[  1054.476] (II) UnloadModule: "modesetting"
[  1054.476] (II) Unloading modesetting
[  1054.476] (II) UnloadModule: "fbdev"
[  1054.476] (II) Unloading fbdev
[  1054.476] (II) UnloadSubModule: "fbdevhw"
[  1054.476] (II) Unloading fbdevhw
[  1054.476] (II) UnloadModule: "vesa"
[  1054.476] (II) Unloading vesa
[  1054.477] (II) vmware(0): Initialized VMWARE_CTRL extension version 0.2
[  1054.480] (WW) vmware(0): Failed to initialize Gallium3D Xa. No render acceleration available.
[  1054.480] (WW) vmware(0): Skipped initialization of direct rendering due to lack of render acceleration.
[  1054.480] (--) vmware(0): Render acceleration is disabled.
[  1054.480] (==) vmware(0): Rendercheck mode is disabled.
[  1054.480] (--) vmware(0): Direct rendering (DRI2 3D) is disabled.
[  1054.480] (--) vmware(0): Direct rendering (DRI3 3D) is disabled.
[  1054.480] (==) vmware(0): Backing store enabled
[  1054.480] (==) vmware(0): Silken mouse enabled
[  1054.482] (==) vmware(0): DPMS enabled
[  1054.482] (II) vmware(0): No 3D acceleration. Not setting up textured video.
[  1054.482] (II) Initializing extension Generic Event Extension
[  1054.482] (II) Initializing extension SHAPE
[  1054.482] (II) Initializing extension MIT-SHM
[  1054.482] (II) Initializing extension XInputExtension
[  1054.483] (II) Initializing extension XTEST
[  1054.483] (II) Initializing extension BIG-REQUESTS
[  1054.483] (II) Initializing extension SYNC
[  1054.484] (II) Initializing extension XKEYBOARD
[  1054.484] (II) Initializing extension XC-MISC
[  1054.484] (II) Initializing extension SECURITY
[  1054.484] (II) Initializing extension XFIXES
[  1054.484] (II) Initializing extension RENDER
[  1054.484] (II) Initializing extension RANDR
[  1054.484] (II) Initializing extension COMPOSITE
[  1054.484] (II) Initializing extension DAMAGE
[  1054.485] (II) Initializing extension MIT-SCREEN-SAVER
[  1054.485] (II) Initializing extension DOUBLE-BUFFER
[  1054.485] (II) Initializing extension RECORD
[  1054.485] (II) Initializing extension DPMS
[  1054.485] (II) Initializing extension Present
[  1054.485] (II) Initializing extension DRI3
[  1054.485] (II) Initializing extension X-Resource
[  1054.485] (II) Initializing extension XVideo
[  1054.485] (II) Initializing extension XVideo-MotionCompensation
[  1054.485] (II) Initializing extension SELinux
[  1054.485] (II) SELinux: Disabled on system
[  1054.485] (II) Initializing extension GLX
[  1054.486] (II) AIGLX: Screen 0 is not DRI2 capable
[  1054.537] (II) IGLX: Loaded and initialized swrast
[  1054.537] (II) GLX: Initialized DRISWRAST GL provider for screen 0
[  1054.537] (II) Initializing extension XFree86-VidModeExtension
[  1054.537] (II) Initializing extension XFree86-DGA
[  1054.537] (II) Initializing extension XFree86-DRI
[  1054.537] (II) Initializing extension DRI2
[  1054.539] (II) vmware(0): Setting screen physical size to 395 x 255
[  1054.576] (II) config/udev: Adding input device Power Button (/dev/input/event0)
[  1054.576] (**) Power Button: Applying InputClass "libinput keyboard catchall"
[  1054.576] (II) LoadModule: "libinput"
[  1054.576] (II) Loading /usr/lib/xorg/modules/input/libinput_drv.so
[  1054.583] (II) Module libinput: vendor="X.Org Foundation"
[  1054.583] 	compiled for 1.20.4, module version = 0.29.0
[  1054.583] 	Module class: X.Org XInput Driver
[  1054.583] 	ABI class: X.Org XInput driver, version 24.1
[  1054.583] (II) Using input driver 'libinput' for 'Power Button'
[  1054.584] (II) systemd-logind: got fd for /dev/input/event0 13:64 fd 21 paused 0
[  1054.584] (**) Power Button: always reports core events
[  1054.584] (**) Option "Device" "/dev/input/event0"
[  1054.585] (**) Option "_source" "server/udev"
[  1054.592] (II) event0  - Power Button: is tagged by udev as: Keyboard
[  1054.592] (II) event0  - Power Button: device is a keyboard
[  1054.592] (II) event0  - Power Button: device removed
[  1054.592] (**) Option "config_info" "udev:/sys/devices/LNXSYSTM:00/LNXPWRBN:00/input/input0/event0"
[  1054.592] (II) XINPUT: Adding extended input device "Power Button" (type: KEYBOARD, id 6)
[  1054.592] (**) Option "xkb_model" "pc105"
[  1054.592] (**) Option "xkb_layout" "us"
[  1054.593] (II) event0  - Power Button: is tagged by udev as: Keyboard
[  1054.593] (II) event0  - Power Button: device is a keyboard
[  1054.594] (II) config/udev: Adding input device AT Translated Set 2 keyboard (/dev/input/event1)
[  1054.594] (**) AT Translated Set 2 keyboard: Applying InputClass "libinput keyboard catchall"
[  1054.594] (II) Using input driver 'libinput' for 'AT Translated Set 2 keyboard'
[  1054.595] (II) systemd-logind: got fd for /dev/input/event1 13:65 fd 24 paused 0
[  1054.595] (**) AT Translated Set 2 keyboard: always reports core events
[  1054.595] (**) Option "Device" "/dev/input/event1"
[  1054.595] (**) Option "_source" "server/udev"
[  1054.596] (II) event1  - AT Translated Set 2 keyboard: is tagged by udev as: Keyboard
[  1054.596] (II) event1  - AT Translated Set 2 keyboard: device is a keyboard
[  1054.596] (II) event1  - AT Translated Set 2 keyboard: device removed
[  1054.596] (**) Option "config_info" "udev:/sys/devices/platform/i8042/serio0/input/input1/event1"
[  1054.596] (II) XINPUT: Adding extended input device "AT Translated Set 2 keyboard" (type: KEYBOARD, id 7)
[  1054.596] (**) Option "xkb_model" "pc105"
[  1054.596] (**) Option "xkb_layout" "us"
[  1054.597] (II) event1  - AT Translated Set 2 keyboard: is tagged by udev as: Keyboard
[  1054.597] (II) event1  - AT Translated Set 2 keyboard: device is a keyboard
[  1054.598] (II) config/udev: Adding input device VirtualPS/2 VMware VMMouse (/dev/input/event3)
[  1054.598] (**) VirtualPS/2 VMware VMMouse: Applying InputClass "libinput pointer catchall"
[  1054.598] (II) Using input driver 'libinput' for 'VirtualPS/2 VMware VMMouse'
[  1054.599] (II) systemd-logind: got fd for /dev/input/event3 13:67 fd 25 paused 0
[  1054.599] (**) VirtualPS/2 VMware VMMouse: always reports core events
[  1054.599] (**) Option "Device" "/dev/input/event3"
[  1054.599] (**) Option "_source" "server/udev"
[  1054.600] (II) event3  - VirtualPS/2 VMware VMMouse: is tagged by udev as: Mouse
[  1054.600] (II) event3  - VirtualPS/2 VMware VMMouse: device is a pointer
[  1054.600] (II) event3  - VirtualPS/2 VMware VMMouse: device removed
[  1054.600] (**) Option "config_info" "udev:/sys/devices/platform/i8042/serio1/input/input3/event3"
[  1054.600] (II) XINPUT: Adding extended input device "VirtualPS/2 VMware VMMouse" (type: MOUSE, id 8)
[  1054.600] (**) Option "AccelerationScheme" "none"
[  1054.600] (**) VirtualPS/2 VMware VMMouse: (accel) selected scheme none/0
[  1054.600] (**) VirtualPS/2 VMware VMMouse: (accel) acceleration factor: 2.000
[  1054.601] (**) VirtualPS/2 VMware VMMouse: (accel) acceleration threshold: 4
[  1054.601] (II) event3  - VirtualPS/2 VMware VMMouse: is tagged by udev as: Mouse
[  1054.602] (II) event3  - VirtualPS/2 VMware VMMouse: device is a pointer
[  1054.602] (II) config/udev: Adding input device VirtualPS/2 VMware VMMouse (/dev/input/mouse1)
[  1054.602] (II) No input driver specified, ignoring this device.
[  1054.602] (II) This device may have been added with another device file.
[  1054.603] (II) config/udev: Adding input device VirtualPS/2 VMware VMMouse (/dev/input/event2)
[  1054.603] (**) VirtualPS/2 VMware VMMouse: Applying InputClass "libinput pointer catchall"
[  1054.603] (II) Using input driver 'libinput' for 'VirtualPS/2 VMware VMMouse'
[  1054.603] (II) systemd-logind: got fd for /dev/input/event2 13:66 fd 26 paused 0
[  1054.603] (**) VirtualPS/2 VMware VMMouse: always reports core events
[  1054.603] (**) Option "Device" "/dev/input/event2"
[  1054.603] (**) Option "_source" "server/udev"
[  1054.604] (II) event2  - VirtualPS/2 VMware VMMouse: is tagged by udev as: Mouse
[  1054.605] (II) event2  - VirtualPS/2 VMware VMMouse: device is a pointer
[  1054.605] (II) event2  - VirtualPS/2 VMware VMMouse: device removed
[  1054.605] (**) Option "config_info" "udev:/sys/devices/platform/i8042/serio1/input/input4/event2"
[  1054.605] (II) XINPUT: Adding extended input device "VirtualPS/2 VMware VMMouse" (type: MOUSE, id 9)
[  1054.605] (**) Option "AccelerationScheme" "none"
[  1054.605] (**) VirtualPS/2 VMware VMMouse: (accel) selected scheme none/0
[  1054.605] (**) VirtualPS/2 VMware VMMouse: (accel) acceleration factor: 2.000
[  1054.605] (**) VirtualPS/2 VMware VMMouse: (accel) acceleration threshold: 4
[  1054.606] (II) event2  - VirtualPS/2 VMware VMMouse: is tagged by udev as: Mouse
[  1054.607] (II) event2  - VirtualPS/2 VMware VMMouse: device is a pointer
[  1054.607] (II) config/udev: Adding input device VirtualPS/2 VMware VMMouse (/dev/input/mouse0)
[  1054.607] (II) No input driver specified, ignoring this device.
[  1054.607] (II) This device may have been added with another device file.
[  1127.417] (II) config/udev: removing device Power Button
[  1127.417] (**) Option "fd" "21"
[  1127.417] (II) event0  - Power Button: device removed
[  1127.417] (II) UnloadModule: "libinput"
[  1127.417] (II) systemd-logind: releasing fd for 13:64
[  1127.435] (II) config/udev: Adding input device Power Button (/dev/input/event0)
[  1127.435] (**) Power Button: Applying InputClass "libinput keyboard catchall"
[  1127.435] (II) Using input driver 'libinput' for 'Power Button'
[  1127.455] (II) systemd-logind: got fd for /dev/input/event0 13:64 fd 9 paused 0
[  1127.455] (**) Power Button: always reports core events
[  1127.455] (**) Option "Device" "/dev/input/event0"
[  1127.455] (**) Option "_source" "server/udev"
[  1127.455] (II) event0  - Power Button: is tagged by udev as: Keyboard
[  1127.455] (II) event0  - Power Button: device is a keyboard
[  1127.455] (II) event0  - Power Button: device removed
[  1127.455] (**) Option "config_info" "udev:/sys/devices/LNXSYSTM:00/LNXPWRBN:00/input/input0/event0"
[  1127.456] (II) XINPUT: Adding extended input device "Power Button" (type: KEYBOARD, id 6)
[  1127.456] (**) Option "xkb_model" "pc105"
[  1127.456] (**) Option "xkb_layout" "us"
[  1127.456] (WW) Option "xkb_variant" requires a string value
[  1127.456] (WW) Option "xkb_options" requires a string value
[  1127.456] (II) event0  - Power Button: is tagged by udev as: Keyboard
[  1127.456] (II) event0  - Power Button: device is a keyboard
[  1127.486] (!!) vmware(0): New layout.
[  1127.486] (!!) vmware(0): 0: 0 0 1496 967
[  1127.486] (!!) vmware(0): 
[  1127.549] (II) config/udev: Adding input device VirtualPS/2 VMware VMMouse (/dev/input/mouse0)
[  1127.549] (II) No input driver specified, ignoring this device.
[  1127.549] (II) This device may have been added with another device file.
[  1127.556] (II) config/udev: Adding input device VirtualPS/2 VMware VMMouse (/dev/input/mouse1)
[  1127.556] (II) No input driver specified, ignoring this device.
[  1127.556] (II) This device may have been added with another device file.
[  1127.569] (II) config/udev: removing device AT Translated Set 2 keyboard
[  1127.570] (**) Option "fd" "24"
[  1127.570] (II) event1  - AT Translated Set 2 keyboard: device removed
[  1127.570] (II) UnloadModule: "libinput"
[  1127.570] (II) systemd-logind: releasing fd for 13:65
[  1127.759] (II) config/udev: Adding input device AT Translated Set 2 keyboard (/dev/input/event1)
[  1127.759] (**) AT Translated Set 2 keyboard: Applying InputClass "libinput keyboard catchall"
[  1127.759] (II) Using input driver 'libinput' for 'AT Translated Set 2 keyboard'
[  1127.939] (II) systemd-logind: got fd for /dev/input/event1 13:65 fd 21 paused 0
[  1127.939] (**) AT Translated Set 2 keyboard: always reports core events
[  1127.939] (**) Option "Device" "/dev/input/event1"
[  1127.939] (**) Option "_source" "server/udev"
[  1127.940] (II) event1  - AT Translated Set 2 keyboard: is tagged by udev as: Keyboard
[  1127.940] (II) event1  - AT Translated Set 2 keyboard: device is a keyboard
[  1127.940] (II) event1  - AT Translated Set 2 keyboard: device removed
[  1127.940] (**) Option "config_info" "udev:/sys/devices/platform/i8042/serio0/input/input1/event1"
[  1127.940] (II) XINPUT: Adding extended input device "AT Translated Set 2 keyboard" (type: KEYBOARD, id 7)
[  1127.940] (**) Option "xkb_model" "pc105"
[  1127.940] (**) Option "xkb_layout" "us"
[  1127.940] (WW) Option "xkb_variant" requires a string value
[  1127.940] (WW) Option "xkb_options" requires a string value
[  1127.941] (II) event1  - AT Translated Set 2 keyboard: is tagged by udev as: Keyboard
[  1127.941] (II) event1  - AT Translated Set 2 keyboard: device is a keyboard
[  1127.941] (II) config/udev: removing device VirtualPS/2 VMware VMMouse
[  1127.942] (**) Option "fd" "26"
[  1127.942] (II) event2  - VirtualPS/2 VMware VMMouse: device removed
[  1127.942] (II) UnloadModule: "libinput"
[  1127.942] (II) systemd-logind: releasing fd for 13:66
[  1127.966] (II) config/udev: Adding input device VirtualPS/2 VMware VMMouse (/dev/input/event2)
[  1127.966] (**) VirtualPS/2 VMware VMMouse: Applying InputClass "libinput pointer catchall"
[  1127.966] (II) Using input driver 'libinput' for 'VirtualPS/2 VMware VMMouse'
[  1127.970] (II) systemd-logind: got fd for /dev/input/event2 13:66 fd 23 paused 0
[  1127.970] (**) VirtualPS/2 VMware VMMouse: always reports core events
[  1127.970] (**) Option "Device" "/dev/input/event2"
[  1127.970] (**) Option "_source" "server/udev"
[  1127.971] (II) event2  - VirtualPS/2 VMware VMMouse: is tagged by udev as: Mouse
[  1127.971] (II) event2  - VirtualPS/2 VMware VMMouse: device is a pointer
[  1127.971] (II) event2  - VirtualPS/2 VMware VMMouse: device removed
[  1127.971] (**) Option "config_info" "udev:/sys/devices/platform/i8042/serio1/input/input4/event2"
[  1127.971] (II) XINPUT: Adding extended input device "VirtualPS/2 VMware VMMouse" (type: MOUSE, id 9)
[  1127.971] (**) Option "AccelerationScheme" "none"
[  1127.971] (**) VirtualPS/2 VMware VMMouse: (accel) selected scheme none/0
[  1127.971] (**) VirtualPS/2 VMware VMMouse: (accel) acceleration factor: 2.000
[  1127.971] (**) VirtualPS/2 VMware VMMouse: (accel) acceleration threshold: 4
[  1127.972] (II) event2  - VirtualPS/2 VMware VMMouse: is tagged by udev as: Mouse
[  1127.972] (II) event2  - VirtualPS/2 VMware VMMouse: device is a pointer
[  1127.972] (II) config/udev: removing device VirtualPS/2 VMware VMMouse
[  1127.972] (**) Option "fd" "25"
[  1127.972] (II) event3  - VirtualPS/2 VMware VMMouse: device removed
[  1127.972] (II) UnloadModule: "libinput"
[  1127.972] (II) systemd-logind: releasing fd for 13:67
[  1128.002] (II) config/udev: Adding input device VirtualPS/2 VMware VMMouse (/dev/input/event3)
[  1128.002] (**) VirtualPS/2 VMware VMMouse: Applying InputClass "libinput pointer catchall"
[  1128.002] (II) Using input driver 'libinput' for 'VirtualPS/2 VMware VMMouse'
[  1128.003] (II) systemd-logind: got fd for /dev/input/event3 13:67 fd 24 paused 0
[  1128.003] (**) VirtualPS/2 VMware VMMouse: always reports core events
[  1128.003] (**) Option "Device" "/dev/input/event3"
[  1128.003] (**) Option "_source" "server/udev"
[  1128.004] (II) event3  - VirtualPS/2 VMware VMMouse: is tagged by udev as: Mouse
[  1128.004] (II) event3  - VirtualPS/2 VMware VMMouse: device is a pointer
[  1128.004] (II) event3  - VirtualPS/2 VMware VMMouse: device removed
[  1128.004] (**) Option "config_info" "udev:/sys/devices/platform/i8042/serio1/input/input3/event3"
[  1128.004] (II) XINPUT: Adding extended input device "VirtualPS/2 VMware VMMouse" (type: MOUSE, id 8)
[  1128.004] (**) Option "AccelerationScheme" "none"
[  1128.004] (**) VirtualPS/2 VMware VMMouse: (accel) selected scheme none/0
[  1128.004] (**) VirtualPS/2 VMware VMMouse: (accel) acceleration factor: 2.000
[  1128.004] (**) VirtualPS/2 VMware VMMouse: (accel) acceleration threshold: 4
[  1128.005] (II) event3  - VirtualPS/2 VMware VMMouse: is tagged by udev as: Mouse
[  1128.005] (II) event3  - VirtualPS/2 VMware VMMouse: device is a pointer
