2023-12-22 08:24:37.019 [info] Extension host with pid 7767 started
2023-12-22 08:24:37.071 [info] ExtensionService#_doActivateExtension vscode.git-base, startup: true, activationEvent: '*', root cause: vscode.git
2023-12-22 08:24:37.079 [info] ExtensionService#_doActivateExtension argutec.argutec-azure-repos, startup: true, activationEvent: '*'
2023-12-22 08:24:37.551 [info] ExtensionService#_doActivateExtension vscode.git, startup: true, activationEvent: '*'
2023-12-22 08:24:37.610 [info] ExtensionService#_doActivateExtension vscode.github, startup: true, activationEvent: '*'
2023-12-22 08:24:45.997 [info] Eager extensions activated
2023-12-22 08:24:46.012 [info] ExtensionService#_doActivateExtension vscode.debug-auto-launch, startup: false, activationEvent: 'onStartupFinished'
2023-12-22 08:24:46.015 [info] ExtensionService#_doActivateExtension vscode.merge-conflict, startup: false, activationEvent: 'onStartupFinished'
2023-12-22 08:24:46.067 [info] ExtensionService#_doActivateExtension vscode.json-language-features, startup: false, activationEvent: 'onLanguage:jsonc'
2023-12-22 08:24:46.100 [info] ExtensionService#_doActivateExtension vscode.typescript-language-features, startup: false, activationEvent: 'onLanguage:jsonc'
2023-12-22 08:24:46.156 [info] ExtensionService#_doActivateExtension vscode.emmet, startup: false, activationEvent: 'onLanguage'
2023-12-22 08:25:02.161 [info] Extension host terminating: renderer closed the MessagePort
2023-12-22 08:25:02.192 [error] An error occurred when deactivating the subscriptions for extension 'argutec.argutec-azure-repos':
2023-12-22 08:25:02.193 [error] TypeError: Cannot read properties of undefined (reading 'cleanup')
	at ExtensionManager.cleanup (/home/ubuntu-user/.vscode/extensions/argutec.argutec-azure-repos-1.2007.15/out/src/extensionmanager.js:573:29)
	at ExtensionManager.dispose (/home/ubuntu-user/.vscode/extensions/argutec.argutec-azure-repos-1.2007.15/out/src/extensionmanager.js:597:14)
	at s (/snap/code/147/usr/share/code/resources/app/out/vs/workbench/api/node/extensionHostProcess.js:30:754)
	at f.cb (/snap/code/147/usr/share/code/resources/app/out/vs/workbench/api/node/extensionHostProcess.js:154:9873)
	at /snap/code/147/usr/share/code/resources/app/out/vs/workbench/api/node/extensionHostProcess.js:154:7808
	at Array.map (<anonymous>)
	at f.Y (/snap/code/147/usr/share/code/resources/app/out/vs/workbench/api/node/extensionHostProcess.js:154:7795)
	at f.terminate (/snap/code/147/usr/share/code/resources/app/out/vs/workbench/api/node/extensionHostProcess.js:154:8068)
	at s.terminate (/snap/code/147/usr/share/code/resources/app/out/vs/workbench/api/node/extensionHostProcess.js:158:1513)
	at a (/snap/code/147/usr/share/code/resources/app/out/vs/workbench/api/node/extensionHostProcess.js:171:9802)
	at MessagePortMain.<anonymous> (/snap/code/147/usr/share/code/resources/app/out/vs/workbench/api/node/extensionHostProcess.js:171:6227)
	at MessagePortMain.emit (node:events:513:28)
	at MessagePortMain._internalPort.emit (node:electron/js2c/utility_init:2:367)
2023-12-22 08:25:02.232 [info] Extension host with pid 7767 exiting with code 0
2023-12-22 08:25:04.355 [info] Extension host with pid 7839 started
2023-12-22 08:25:04.398 [info] ExtensionService#_doActivateExtension vscode.emmet, startup: false, activationEvent: 'onLanguage'
2023-12-22 08:25:04.451 [info] ExtensionService#_doActivateExtension vscode.git-base, startup: true, activationEvent: '*', root cause: vscode.git
2023-12-22 08:25:04.457 [info] ExtensionService#_doActivateExtension vscode.git, startup: true, activationEvent: '*'
2023-12-22 08:25:04.516 [info] ExtensionService#_doActivateExtension vscode.github, startup: true, activationEvent: '*'
2023-12-22 08:25:04.658 [info] Eager extensions activated
2023-12-22 08:25:04.699 [info] ExtensionService#_doActivateExtension vscode.debug-auto-launch, startup: false, activationEvent: 'onStartupFinished'
2023-12-22 08:25:04.709 [info] ExtensionService#_doActivateExtension vscode.merge-conflict, startup: false, activationEvent: 'onStartupFinished'
2023-12-22 08:25:09.321 [info] ExtensionService#_doActivateExtension ms-vscode.remote-repositories, startup: false, activationEvent: 'onView:remoteHub.views.workspaceRepositories'
2023-12-22 08:25:09.708 [info] ExtensionService#_doActivateExtension GitHub.remotehub, startup: false, activationEvent: 'api', root cause: ms-vscode.remote-repositories
2023-12-22 08:25:19.494 [info] Extension host terminating: renderer closed the MessagePort
2023-12-22 08:25:19.533 [info] Extension host with pid 7839 exiting with code 0
