2023-12-21 13:13:55.829 [info] Uninstalling extension from the profile: ms-vscode.azure-repos@0.38.0 vscode-userdata:/home/ubuntu-user/.vscode/extensions/extensions.json
2023-12-21 13:13:55.896 [info] Marked extension as uninstalled ms-vscode.azure-repos-0.38.0
2023-12-21 13:13:55.952 [info] Successfully uninstalled extension from the profile ms-vscode.azure-repos@0.38.0 vscode-userdata:/home/ubuntu-user/.vscode/extensions/extensions.json
2023-12-21 13:13:55.961 [error] [uncaught exception in sharedProcess]: Error: ENOENT: no such file or directory, stat '/home/ubuntu-user/.vscode/extensions/extensions.json.vsctmp': EntryNotFound (FileSystemError): Error: ENOENT: no such file or directory, stat '/home/ubuntu-user/.vscode/extensions/extensions.json.vsctmp'
    at r.create (/snap/code/147/usr/share/code/resources/app/out/vs/code/node/sharedProcess/sharedProcessMain.js:51:30056)
    at a (/snap/code/147/usr/share/code/resources/app/out/vs/code/node/sharedProcess/sharedProcessMain.js:51:30170)
    at s.fb (/snap/code/147/usr/share/code/resources/app/out/vs/code/node/sharedProcess/sharedProcessMain.js:56:36175)
    at s.stat (/snap/code/147/usr/share/code/resources/app/out/vs/code/node/sharedProcess/sharedProcessMain.js:56:28621)
    at async E.stat (/snap/code/147/usr/share/code/resources/app/out/vs/code/node/sharedProcess/sharedProcessMain.js:56:15732)
    at async Y.tb (/snap/code/147/usr/share/code/resources/app/out/vs/code/node/sharedProcess/sharedProcessMain.js:100:111319)
2023-12-21 13:14:02.628 [info] Uninstalling extension from the profile: argutec.argutec-azure-repos@1.2007.15 vscode-userdata:/home/ubuntu-user/.vscode/extensions/extensions.json
2023-12-21 13:14:02.702 [info] Marked extension as uninstalled argutec.argutec-azure-repos-1.2007.15
2023-12-21 13:14:02.748 [info] Successfully uninstalled extension from the profile argutec.argutec-azure-repos@1.2007.15 vscode-userdata:/home/ubuntu-user/.vscode/extensions/extensions.json
2023-12-21 13:14:02.811 [error] [uncaught exception in sharedProcess]: Error: ENOENT: no such file or directory, stat '/home/ubuntu-user/.vscode/extensions/extensions.json.vsctmp': EntryNotFound (FileSystemError): Error: ENOENT: no such file or directory, stat '/home/ubuntu-user/.vscode/extensions/extensions.json.vsctmp'
    at r.create (/snap/code/147/usr/share/code/resources/app/out/vs/code/node/sharedProcess/sharedProcessMain.js:51:30056)
    at a (/snap/code/147/usr/share/code/resources/app/out/vs/code/node/sharedProcess/sharedProcessMain.js:51:30170)
    at s.fb (/snap/code/147/usr/share/code/resources/app/out/vs/code/node/sharedProcess/sharedProcessMain.js:56:36175)
    at s.stat (/snap/code/147/usr/share/code/resources/app/out/vs/code/node/sharedProcess/sharedProcessMain.js:56:28621)
    at async E.stat (/snap/code/147/usr/share/code/resources/app/out/vs/code/node/sharedProcess/sharedProcessMain.js:56:15732)
    at async Y.tb (/snap/code/147/usr/share/code/resources/app/out/vs/code/node/sharedProcess/sharedProcessMain.js:100:111319)
2023-12-21 13:16:09.571 [info] Getting Manifest... argutec.argutec-azure-repos
2023-12-21 13:16:09.599 [info] Installing extension: argutec.argutec-azure-repos
2023-12-21 13:16:12.006 [info] Extension signature is verified: argutec.argutec-azure-repos
2023-12-21 13:16:12.014 [info] Removed the extension from uninstalled list: argutec.argutec-azure-repos
2023-12-21 13:16:12.046 [info] Extension installed successfully: argutec.argutec-azure-repos
2023-12-21 13:16:12.091 [error] [uncaught exception in sharedProcess]: Error: ENOENT: no such file or directory, stat '/home/ubuntu-user/.vscode/extensions/extensions.json.vsctmp': EntryNotFound (FileSystemError): Error: ENOENT: no such file or directory, stat '/home/ubuntu-user/.vscode/extensions/extensions.json.vsctmp'
    at r.create (/snap/code/147/usr/share/code/resources/app/out/vs/code/node/sharedProcess/sharedProcessMain.js:51:30056)
    at a (/snap/code/147/usr/share/code/resources/app/out/vs/code/node/sharedProcess/sharedProcessMain.js:51:30170)
    at s.fb (/snap/code/147/usr/share/code/resources/app/out/vs/code/node/sharedProcess/sharedProcessMain.js:56:36175)
    at s.stat (/snap/code/147/usr/share/code/resources/app/out/vs/code/node/sharedProcess/sharedProcessMain.js:56:28621)
    at async E.stat (/snap/code/147/usr/share/code/resources/app/out/vs/code/node/sharedProcess/sharedProcessMain.js:56:15732)
    at async Y.tb (/snap/code/147/usr/share/code/resources/app/out/vs/code/node/sharedProcess/sharedProcessMain.js:100:111319)
