2023-12-21 13:13:15.139 [info] Added views:workbench.panel.markers.view in workbench.panel.markers
2023-12-21 13:13:15.140 [info] Added views:workbench.panel.output in workbench.panel.output
2023-12-21 13:13:15.140 [info] Added views:terminal in terminal
2023-12-21 13:13:15.140 [info] Added views:outline in workbench.view.explorer
2023-12-21 13:13:15.140 [info] Added views:workbench.scm in workbench.view.scm
2023-12-21 13:13:15.140 [info] Added views:workbench.view.search in workbench.view.search
2023-12-21 13:13:15.140 [info] Added views:timeline in workbench.view.explorer
2023-12-21 13:13:15.140 [info] Added views:workbench.explorer.emptyView in workbench.view.explorer
2023-12-21 13:13:16.049 [info] Added views:remoteHub.views.workspaceRepositories in workbench.view.remote
2023-12-21 13:13:16.501 [info] Added views:workbench.debug.welcome in workbench.view.debug
2023-12-21 13:13:16.667 [info] Added views:~remote.forwardedPorts in ~remote.forwardedPortsContainer
2023-12-21 13:13:16.812 [info] Added views:workbench.panel.repl.view in workbench.panel.repl
2023-12-21 13:13:46.101 [info] Added views:workbench.views.extensions.installed,workbench.views.extensions.popular,extensions.recommendedList in workbench.view.extensions
2023-12-21 13:13:46.103 [info] Removed views:workbench.views.extensions.popular from workbench.view.extensions
2023-12-21 13:15:34.571 [info] Removed views:extensions.recommendedList,workbench.views.extensions.installed from workbench.view.extensions
2023-12-21 13:15:34.584 [info] Added views:workbench.views.extensions.marketplace in workbench.view.extensions
2023-12-21 13:41:55.441 [info] Added views:workbench.panel.markers.view in workbench.panel.markers
2023-12-21 13:41:55.441 [info] Added views:workbench.panel.output in workbench.panel.output
2023-12-21 13:41:55.441 [info] Added views:terminal in terminal
2023-12-21 13:41:55.441 [info] Added views:outline in workbench.view.explorer
2023-12-21 13:41:55.441 [info] Added views:workbench.scm in workbench.view.scm
2023-12-21 13:41:55.441 [info] Added views:workbench.view.search in workbench.view.search
2023-12-21 13:41:55.441 [info] Added views:timeline in workbench.view.explorer
2023-12-21 13:41:55.441 [info] Added views:workbench.explorer.fileView in workbench.view.explorer
2023-12-21 13:41:56.204 [info] Added views:remoteHub.views.workspaceRepositories in workbench.view.remote
2023-12-21 13:41:56.744 [info] Added views:workbench.debug.variablesView,workbench.debug.watchExpressionsView,workbench.debug.callStackView,workbench.debug.breakPointsView in workbench.view.debug
2023-12-21 13:41:56.791 [info] Added views:workbench.panel.repl.view in workbench.panel.repl
2023-12-21 13:41:56.793 [info] Removed views:workbench.debug.breakPointsView,workbench.debug.callStackView,workbench.debug.watchExpressionsView,workbench.debug.variablesView from workbench.view.debug
2023-12-21 13:41:56.794 [info] Added views:workbench.debug.welcome in workbench.view.debug
2023-12-21 13:41:57.094 [info] Added views:~remote.forwardedPorts in ~remote.forwardedPortsContainer
2023-12-21 13:51:31.195 [info] Added views:workbench.panel.markers.view in workbench.panel.markers
2023-12-21 13:51:31.196 [info] Added views:workbench.panel.output in workbench.panel.output
2023-12-21 13:51:31.196 [info] Added views:terminal in terminal
2023-12-21 13:51:31.196 [info] Added views:outline in workbench.view.explorer
2023-12-21 13:51:31.196 [info] Added views:workbench.scm in workbench.view.scm
2023-12-21 13:51:31.196 [info] Added views:workbench.view.search in workbench.view.search
2023-12-21 13:51:31.196 [info] Added views:timeline in workbench.view.explorer
2023-12-21 13:51:31.196 [info] Added views:workbench.explorer.fileView in workbench.view.explorer
2023-12-21 13:51:31.907 [info] Added views:remoteHub.views.workspaceRepositories in workbench.view.remote
2023-12-21 13:51:32.384 [info] Added views:workbench.debug.variablesView,workbench.debug.watchExpressionsView,workbench.debug.callStackView,workbench.debug.breakPointsView in workbench.view.debug
2023-12-21 13:51:32.635 [info] Added views:workbench.panel.repl.view in workbench.panel.repl
2023-12-21 13:51:32.639 [info] Removed views:workbench.debug.breakPointsView,workbench.debug.callStackView,workbench.debug.watchExpressionsView,workbench.debug.variablesView from workbench.view.debug
2023-12-21 13:51:32.640 [info] Added views:workbench.debug.welcome in workbench.view.debug
2023-12-21 13:51:32.772 [info] Added views:~remote.forwardedPorts in ~remote.forwardedPortsContainer
