2023-12-12 09:23:55.216 [info] Started initializing default profile extensions in extensions installation folder. file:///home/ubuntu-user/.vscode/extensions
2023-12-12 09:23:55.481 [info] Completed initializing default profile extensions in extensions installation folder. file:///home/ubuntu-user/.vscode/extensions
2023-12-12 09:23:55.554 [error] [uncaught exception in sharedProcess]: Error: ENOENT: no such file or directory, stat '/home/ubuntu-user/.vscode/extensions/extensions.json.vsctmp': EntryNotFound (FileSystemError): Error: ENOENT: no such file or directory, stat '/home/ubuntu-user/.vscode/extensions/extensions.json.vsctmp'
    at r.create (/snap/code/147/usr/share/code/resources/app/out/vs/code/node/sharedProcess/sharedProcessMain.js:51:30056)
    at a (/snap/code/147/usr/share/code/resources/app/out/vs/code/node/sharedProcess/sharedProcessMain.js:51:30170)
    at s.fb (/snap/code/147/usr/share/code/resources/app/out/vs/code/node/sharedProcess/sharedProcessMain.js:56:36175)
    at s.stat (/snap/code/147/usr/share/code/resources/app/out/vs/code/node/sharedProcess/sharedProcessMain.js:56:28621)
    at async E.stat (/snap/code/147/usr/share/code/resources/app/out/vs/code/node/sharedProcess/sharedProcessMain.js:56:15732)
    at async Y.tb (/snap/code/147/usr/share/code/resources/app/out/vs/code/node/sharedProcess/sharedProcessMain.js:100:111319)
2023-12-12 09:26:54.514 [info] Getting Manifest... ms-vscode.azure-repos
2023-12-12 09:26:54.529 [info] Installing extension: ms-vscode.azure-repos
2023-12-12 09:26:54.723 [info] Getting Manifest... ms-vscode.remote-repositories
2023-12-12 09:26:54.884 [info] Getting Manifest... github.remotehub
2023-12-12 09:26:54.978 [info] Installing extension: ms-vscode.remote-repositories ms-vscode.azure-repos
2023-12-12 09:26:54.978 [info] Installing extension: github.remotehub ms-vscode.azure-repos
2023-12-12 09:26:56.474 [info] Extension signature is verified: ms-vscode.remote-repositories
2023-12-12 09:26:56.566 [info] Extracted extension to file:///home/ubuntu-user/.vscode/extensions/ms-vscode.remote-repositories-0.40.0: ms-vscode.remote-repositories
2023-12-12 09:26:56.571 [info] Renamed to /home/ubuntu-user/.vscode/extensions/ms-vscode.remote-repositories-0.40.0
2023-12-12 09:26:56.575 [info] Extracting extension completed. ms-vscode.remote-repositories
2023-12-12 09:26:56.662 [error] [uncaught exception in sharedProcess]: Error: ENOENT: no such file or directory, stat '/home/ubuntu-user/.vscode/extensions/extensions.json.vsctmp': EntryNotFound (FileSystemError): Error: ENOENT: no such file or directory, stat '/home/ubuntu-user/.vscode/extensions/extensions.json.vsctmp'
    at r.create (/snap/code/147/usr/share/code/resources/app/out/vs/code/node/sharedProcess/sharedProcessMain.js:51:30056)
    at a (/snap/code/147/usr/share/code/resources/app/out/vs/code/node/sharedProcess/sharedProcessMain.js:51:30170)
    at s.fb (/snap/code/147/usr/share/code/resources/app/out/vs/code/node/sharedProcess/sharedProcessMain.js:56:36175)
    at s.stat (/snap/code/147/usr/share/code/resources/app/out/vs/code/node/sharedProcess/sharedProcessMain.js:56:28621)
    at async E.stat (/snap/code/147/usr/share/code/resources/app/out/vs/code/node/sharedProcess/sharedProcessMain.js:56:15732)
    at async Y.tb (/snap/code/147/usr/share/code/resources/app/out/vs/code/node/sharedProcess/sharedProcessMain.js:100:111319)
2023-12-12 09:26:57.485 [info] Extension signature is verified: github.remotehub
2023-12-12 09:26:57.541 [info] Extracted extension to file:///home/ubuntu-user/.vscode/extensions/github.remotehub-0.62.0: github.remotehub
2023-12-12 09:26:57.544 [info] Renamed to /home/ubuntu-user/.vscode/extensions/github.remotehub-0.62.0
2023-12-12 09:26:57.552 [info] Extracting extension completed. github.remotehub
2023-12-12 09:26:57.647 [error] [uncaught exception in sharedProcess]: Error: ENOENT: no such file or directory, stat '/home/ubuntu-user/.vscode/extensions/extensions.json.vsctmp': EntryNotFound (FileSystemError): Error: ENOENT: no such file or directory, stat '/home/ubuntu-user/.vscode/extensions/extensions.json.vsctmp'
    at r.create (/snap/code/147/usr/share/code/resources/app/out/vs/code/node/sharedProcess/sharedProcessMain.js:51:30056)
    at a (/snap/code/147/usr/share/code/resources/app/out/vs/code/node/sharedProcess/sharedProcessMain.js:51:30170)
    at s.fb (/snap/code/147/usr/share/code/resources/app/out/vs/code/node/sharedProcess/sharedProcessMain.js:56:36175)
    at s.stat (/snap/code/147/usr/share/code/resources/app/out/vs/code/node/sharedProcess/sharedProcessMain.js:56:28621)
    at async E.stat (/snap/code/147/usr/share/code/resources/app/out/vs/code/node/sharedProcess/sharedProcessMain.js:56:15732)
    at async Y.tb (/snap/code/147/usr/share/code/resources/app/out/vs/code/node/sharedProcess/sharedProcessMain.js:100:111319)
2023-12-12 09:26:58.432 [info] Extension signature is verified: ms-vscode.azure-repos
2023-12-12 09:26:58.487 [info] Extracted extension to file:///home/ubuntu-user/.vscode/extensions/ms-vscode.azure-repos-0.38.0: ms-vscode.azure-repos
2023-12-12 09:26:58.491 [info] Renamed to /home/ubuntu-user/.vscode/extensions/ms-vscode.azure-repos-0.38.0
2023-12-12 09:26:58.493 [info] Extracting extension completed. ms-vscode.azure-repos
2023-12-12 09:26:58.504 [info] Extension installed successfully: ms-vscode.remote-repositories
2023-12-12 09:26:58.505 [info] Extension installed successfully: github.remotehub
2023-12-12 09:26:58.505 [info] Extension installed successfully: ms-vscode.azure-repos
2023-12-12 09:26:58.575 [error] [uncaught exception in sharedProcess]: Error: ENOENT: no such file or directory, stat '/home/ubuntu-user/.vscode/extensions/extensions.json.vsctmp': EntryNotFound (FileSystemError): Error: ENOENT: no such file or directory, stat '/home/ubuntu-user/.vscode/extensions/extensions.json.vsctmp'
    at r.create (/snap/code/147/usr/share/code/resources/app/out/vs/code/node/sharedProcess/sharedProcessMain.js:51:30056)
    at a (/snap/code/147/usr/share/code/resources/app/out/vs/code/node/sharedProcess/sharedProcessMain.js:51:30170)
    at s.fb (/snap/code/147/usr/share/code/resources/app/out/vs/code/node/sharedProcess/sharedProcessMain.js:56:36175)
    at s.stat (/snap/code/147/usr/share/code/resources/app/out/vs/code/node/sharedProcess/sharedProcessMain.js:56:28621)
    at async E.stat (/snap/code/147/usr/share/code/resources/app/out/vs/code/node/sharedProcess/sharedProcessMain.js:56:15732)
    at async Y.tb (/snap/code/147/usr/share/code/resources/app/out/vs/code/node/sharedProcess/sharedProcessMain.js:100:111319)
2023-12-12 09:32:04.944 [info] Getting Manifest... argutec.argutec-azure-repos
2023-12-12 09:32:04.958 [info] Installing extension: argutec.argutec-azure-repos
2023-12-12 09:32:42.255 [info] Extension signature is verified: argutec.argutec-azure-repos
2023-12-12 09:32:44.343 [info] Extracted extension to file:///home/ubuntu-user/.vscode/extensions/argutec.argutec-azure-repos-1.2007.15: argutec.argutec-azure-repos
2023-12-12 09:32:44.356 [info] Renamed to /home/ubuntu-user/.vscode/extensions/argutec.argutec-azure-repos-1.2007.15
2023-12-12 09:32:44.357 [info] Extracting extension completed. argutec.argutec-azure-repos
2023-12-12 09:32:44.365 [info] Extension installed successfully: argutec.argutec-azure-repos
2023-12-12 09:32:44.443 [error] [uncaught exception in sharedProcess]: Error: ENOENT: no such file or directory, stat '/home/ubuntu-user/.vscode/extensions/extensions.json.vsctmp': EntryNotFound (FileSystemError): Error: ENOENT: no such file or directory, stat '/home/ubuntu-user/.vscode/extensions/extensions.json.vsctmp'
    at r.create (/snap/code/147/usr/share/code/resources/app/out/vs/code/node/sharedProcess/sharedProcessMain.js:51:30056)
    at a (/snap/code/147/usr/share/code/resources/app/out/vs/code/node/sharedProcess/sharedProcessMain.js:51:30170)
    at s.fb (/snap/code/147/usr/share/code/resources/app/out/vs/code/node/sharedProcess/sharedProcessMain.js:56:36175)
    at s.stat (/snap/code/147/usr/share/code/resources/app/out/vs/code/node/sharedProcess/sharedProcessMain.js:56:28621)
    at async E.stat (/snap/code/147/usr/share/code/resources/app/out/vs/code/node/sharedProcess/sharedProcessMain.js:56:15732)
    at async Y.tb (/snap/code/147/usr/share/code/resources/app/out/vs/code/node/sharedProcess/sharedProcessMain.js:100:111319)
