2023-12-22 08:24:35.680 [info] Added views:workbench.panel.markers.view in workbench.panel.markers
2023-12-22 08:24:35.680 [info] Added views:workbench.panel.output in workbench.panel.output
2023-12-22 08:24:35.680 [info] Added views:terminal in terminal
2023-12-22 08:24:35.680 [info] Added views:outline in workbench.view.explorer
2023-12-22 08:24:35.680 [info] Added views:workbench.scm in workbench.view.scm
2023-12-22 08:24:35.680 [info] Added views:workbench.view.search in workbench.view.search
2023-12-22 08:24:35.680 [info] Added views:timeline in workbench.view.explorer
2023-12-22 08:24:35.681 [info] Added views:workbench.explorer.emptyView in workbench.view.explorer
2023-12-22 08:24:36.083 [info] Added views:remoteHub.views.workspaceRepositories in workbench.view.remote
2023-12-22 08:24:36.491 [info] Added views:workbench.debug.variablesView,workbench.debug.watchExpressionsView,workbench.debug.callStackView,workbench.debug.breakPointsView in workbench.view.debug
2023-12-22 08:24:36.753 [info] Added views:~remote.forwardedPorts in ~remote.forwardedPortsContainer
2023-12-22 08:24:37.067 [info] Added views:workbench.panel.repl.view in workbench.panel.repl
2023-12-22 08:24:37.069 [info] Removed views:workbench.debug.breakPointsView,workbench.debug.callStackView,workbench.debug.watchExpressionsView,workbench.debug.variablesView from workbench.view.debug
2023-12-22 08:24:37.069 [info] Added views:workbench.debug.welcome in workbench.view.debug
2023-12-22 08:24:51.352 [info] Added views:workbench.views.extensions.installed,workbench.views.extensions.popular,extensions.recommendedList in workbench.view.extensions
2023-12-22 08:24:51.354 [info] Removed views:workbench.views.extensions.popular from workbench.view.extensions
2023-12-22 08:25:02.938 [info] Added views:workbench.panel.markers.view in workbench.panel.markers
2023-12-22 08:25:02.938 [info] Added views:workbench.panel.output in workbench.panel.output
2023-12-22 08:25:02.938 [info] Added views:terminal in terminal
2023-12-22 08:25:02.938 [info] Added views:outline in workbench.view.explorer
2023-12-22 08:25:02.938 [info] Added views:workbench.scm in workbench.view.scm
2023-12-22 08:25:02.938 [info] Added views:workbench.view.search in workbench.view.search
2023-12-22 08:25:02.938 [info] Added views:timeline in workbench.view.explorer
2023-12-22 08:25:02.938 [info] Added views:workbench.explorer.emptyView in workbench.view.explorer
2023-12-22 08:25:03.594 [info] Added views:remoteHub.views.workspaceRepositories in workbench.view.remote
2023-12-22 08:25:04.040 [info] Added views:workbench.debug.welcome in workbench.view.debug
2023-12-22 08:25:04.345 [info] Added views:~remote.forwardedPorts in ~remote.forwardedPortsContainer
2023-12-22 08:25:04.400 [info] Added views:workbench.panel.repl.view in workbench.panel.repl
2023-12-22 08:25:04.513 [info] Added views:workbench.views.extensions.installed,extensions.recommendedList in workbench.view.extensions
2023-12-22 08:25:09.260 [info] Added views:~remote.helpPanel in workbench.view.remote
